This file contains any messages produced by compilers while
running configure, to aid debugging if configure makes a mistake.

It was created by configure, which was
generated by GNU Autoconf 2.68.  Invocation command line was

  $ ./configure --prefix=/usr/local/Cellar/libxslt/1.1.28 --with-libxml-prefix=/usr/local/Cellar/libxml2/2.9.1

## --------- ##
## Platform. ##
## --------- ##

hostname = Devs-MacBook-Pro.local
uname -m = x86_64
uname -r = 12.4.0
uname -s = Darwin
uname -v = Darwin Kernel Version 12.4.0: Wed May  1 17:57:12 PDT 2013; root:xnu-2050.24.15~1/RELEASE_X86_64

/usr/bin/uname -p = i386
/bin/uname -X     = unknown

/bin/arch              = unknown
/usr/bin/arch -k       = unknown
/usr/convex/getsysinfo = unknown
/usr/bin/hostinfo      = Mach kernel version:
	 Darwin Kernel Version 12.4.0: Wed May  1 17:57:12 PDT 2013; root:xnu-2050.24.15~1/RELEASE_X86_64
Kernel configured for up to 8 processors.
4 processors are physically available.
8 processors are logically available.
Processor type: i486 (Intel 80486)
Processors active: 0 1 2 3 4 5 6 7
Primary memory available: 8.00 gigabytes
Default processor set: 131 tasks, 760 threads, 8 processors
Load average: 0.65, Mach factor: 7.34
/bin/machine           = unknown
/usr/bin/oslevel       = unknown
/bin/universe          = unknown

PATH: /Users/dmohanty/.rvm/gems/ruby-1.9.3-p429/bin
PATH: /Users/dmohanty/.rvm/gems/ruby-1.9.3-p429@global/bin
PATH: /Users/dmohanty/.rvm/rubies/ruby-1.9.3-p429/bin
PATH: /Users/dmohanty/.rvm/bin
PATH: /usr/local/php5/bin
PATH: /usr/local/mysql/bin
PATH: /usr/bin
PATH: /bin
PATH: /usr/sbin
PATH: /sbin
PATH: /usr/local/bin
PATH: /opt/X11/bin
PATH: /usr/local/MacGPG2/bin


## ----------- ##
## Core tests. ##
## ----------- ##

configure:2307: checking build system type
configure:2321: result: i386-apple-darwin12.4.0
configure:2341: checking host system type
configure:2354: result: i386-apple-darwin12.4.0
configure:2422: checking for gcc
configure:2438: found /usr/bin/gcc
configure:2449: result: gcc
configure:2678: checking for C compiler version
configure:2687: gcc --version >&5
i686-apple-darwin11-llvm-gcc-4.2 (GCC) 4.2.1 (Based on Apple Inc. build 5658) (LLVM build 2336.11.00)
Copyright (C) 2007 Free Software Foundation, Inc.
This is free software; see the source for copying conditions.  There is NO
warranty; not even for MERCHANTABILITY or FITNESS FOR A PARTICULAR PURPOSE.

configure:2698: $? = 0
configure:2687: gcc -v >&5
Using built-in specs.
Target: i686-apple-darwin11
Configured with: /private/var/tmp/llvmgcc42/llvmgcc42-2336.11~182/src/configure --disable-checking --enable-werror --prefix=/Applications/Xcode.app/Contents/Developer/usr/llvm-gcc-4.2 --mandir=/share/man --enable-languages=c,objc,c++,obj-c++ --program-prefix=llvm- --program-transform-name=/^[cg][^.-]*$/s/$/-4.2/ --with-slibdir=/usr/lib --build=i686-apple-darwin11 --enable-llvm=/private/var/tmp/llvmgcc42/llvmgcc42-2336.11~182/dst-llvmCore/Developer/usr/local --program-prefix=i686-apple-darwin11- --host=x86_64-apple-darwin11 --target=i686-apple-darwin11 --with-gxx-include-dir=/usr/include/c++/4.2.1
Thread model: posix
gcc version 4.2.1 (Based on Apple Inc. build 5658) (LLVM build 2336.11.00)
configure:2698: $? = 0
configure:2687: gcc -V >&5
llvm-gcc-4.2: argument to `-V' is missing
configure:2698: $? = 1
configure:2687: gcc -qversion >&5
i686-apple-darwin11-llvm-gcc-4.2: no input files
configure:2698: $? = 1
configure:2718: checking whether the C compiler works
configure:2740: gcc    conftest.c  >&5
configure:2744: $? = 0
configure:2792: result: yes
configure:2795: checking for C compiler default output file name
configure:2797: result: a.out
configure:2803: checking for suffix of executables
configure:2810: gcc -o conftest    conftest.c  >&5
configure:2814: $? = 0
configure:2836: result: 
configure:2858: checking whether we are cross compiling
configure:2866: gcc -o conftest    conftest.c  >&5
configure:2870: $? = 0
configure:2877: ./conftest
configure:2881: $? = 0
configure:2896: result: no
configure:2901: checking for suffix of object files
configure:2923: gcc -c   conftest.c >&5
configure:2927: $? = 0
configure:2948: result: o
configure:2952: checking whether we are using the GNU C compiler
configure:2971: gcc -c   conftest.c >&5
configure:2971: $? = 0
configure:2980: result: yes
configure:2989: checking whether gcc accepts -g
configure:3009: gcc -c -g  conftest.c >&5
configure:3009: $? = 0
configure:3050: result: yes
configure:3067: checking for gcc option to accept ISO C89
configure:3131: gcc  -c -g -O2  conftest.c >&5
configure:3131: $? = 0
configure:3144: result: none needed
configure:3170: checking how to run the C preprocessor
configure:3201: gcc -E  conftest.c
configure:3201: $? = 0
configure:3215: gcc -E  conftest.c
conftest.c:9:28: error: ac_nonexistent.h: No such file or directory
configure:3215: $? = 1
configure: failed program was:
| /* confdefs.h */
| #define PACKAGE_NAME ""
| #define PACKAGE_TARNAME ""
| #define PACKAGE_VERSION ""
| #define PACKAGE_STRING ""
| #define PACKAGE_BUGREPORT ""
| #define PACKAGE_URL ""
| /* end confdefs.h.  */
| #include <ac_nonexistent.h>
configure:3240: result: gcc -E
configure:3260: gcc -E  conftest.c
configure:3260: $? = 0
configure:3274: gcc -E  conftest.c
conftest.c:9:28: error: ac_nonexistent.h: No such file or directory
configure:3274: $? = 1
configure: failed program was:
| /* confdefs.h */
| #define PACKAGE_NAME ""
| #define PACKAGE_TARNAME ""
| #define PACKAGE_VERSION ""
| #define PACKAGE_STRING ""
| #define PACKAGE_BUGREPORT ""
| #define PACKAGE_URL ""
| /* end confdefs.h.  */
| #include <ac_nonexistent.h>
configure:3303: checking for grep that handles long lines and -e
configure:3361: result: /usr/bin/grep
configure:3366: checking for egrep
configure:3428: result: /usr/bin/grep -E
configure:3433: checking for ANSI C header files
configure:3453: gcc -c -g -O2  conftest.c >&5
configure:3453: $? = 0
configure:3526: gcc -o conftest -g -O2   conftest.c  >&5
configure:3526: $? = 0
configure:3526: ./conftest
configure:3526: $? = 0
configure:3537: result: yes
configure:3550: checking for sys/types.h
configure:3550: gcc -c -g -O2  conftest.c >&5
configure:3550: $? = 0
configure:3550: result: yes
configure:3550: checking for sys/stat.h
configure:3550: gcc -c -g -O2  conftest.c >&5
configure:3550: $? = 0
configure:3550: result: yes
configure:3550: checking for stdlib.h
configure:3550: gcc -c -g -O2  conftest.c >&5
configure:3550: $? = 0
configure:3550: result: yes
configure:3550: checking for string.h
configure:3550: gcc -c -g -O2  conftest.c >&5
configure:3550: $? = 0
configure:3550: result: yes
configure:3550: checking for memory.h
configure:3550: gcc -c -g -O2  conftest.c >&5
configure:3550: $? = 0
configure:3550: result: yes
configure:3550: checking for strings.h
configure:3550: gcc -c -g -O2  conftest.c >&5
configure:3550: $? = 0
configure:3550: result: yes
configure:3550: checking for inttypes.h
configure:3550: gcc -c -g -O2  conftest.c >&5
configure:3550: $? = 0
configure:3550: result: yes
configure:3550: checking for stdint.h
configure:3550: gcc -c -g -O2  conftest.c >&5
configure:3550: $? = 0
configure:3550: result: yes
configure:3550: checking for unistd.h
configure:3550: gcc -c -g -O2  conftest.c >&5
configure:3550: $? = 0
configure:3550: result: yes
configure:3563: checking minix/config.h usability
configure:3563: gcc -c -g -O2  conftest.c >&5
conftest.c:52:26: error: minix/config.h: No such file or directory
configure:3563: $? = 1
configure: failed program was:
| /* confdefs.h */
| #define PACKAGE_NAME ""
| #define PACKAGE_TARNAME ""
| #define PACKAGE_VERSION ""
| #define PACKAGE_STRING ""
| #define PACKAGE_BUGREPORT ""
| #define PACKAGE_URL ""
| #define STDC_HEADERS 1
| #define HAVE_SYS_TYPES_H 1
| #define HAVE_SYS_STAT_H 1
| #define HAVE_STDLIB_H 1
| #define HAVE_STRING_H 1
| #define HAVE_MEMORY_H 1
| #define HAVE_STRINGS_H 1
| #define HAVE_INTTYPES_H 1
| #define HAVE_STDINT_H 1
| #define HAVE_UNISTD_H 1
| /* end confdefs.h.  */
| #include <stdio.h>
| #ifdef HAVE_SYS_TYPES_H
| # include <sys/types.h>
| #endif
| #ifdef HAVE_SYS_STAT_H
| # include <sys/stat.h>
| #endif
| #ifdef STDC_HEADERS
| # include <stdlib.h>
| # include <stddef.h>
| #else
| # ifdef HAVE_STDLIB_H
| #  include <stdlib.h>
| # endif
| #endif
| #ifdef HAVE_STRING_H
| # if !defined STDC_HEADERS && defined HAVE_MEMORY_H
| #  include <memory.h>
| # endif
| # include <string.h>
| #endif
| #ifdef HAVE_STRINGS_H
| # include <strings.h>
| #endif
| #ifdef HAVE_INTTYPES_H
| # include <inttypes.h>
| #endif
| #ifdef HAVE_STDINT_H
| # include <stdint.h>
| #endif
| #ifdef HAVE_UNISTD_H
| # include <unistd.h>
| #endif
| #include <minix/config.h>
configure:3563: result: no
configure:3563: checking minix/config.h presence
configure:3563: gcc -E  conftest.c
conftest.c:19:26: error: minix/config.h: No such file or directory
configure:3563: $? = 1
configure: failed program was:
| /* confdefs.h */
| #define PACKAGE_NAME ""
| #define PACKAGE_TARNAME ""
| #define PACKAGE_VERSION ""
| #define PACKAGE_STRING ""
| #define PACKAGE_BUGREPORT ""
| #define PACKAGE_URL ""
| #define STDC_HEADERS 1
| #define HAVE_SYS_TYPES_H 1
| #define HAVE_SYS_STAT_H 1
| #define HAVE_STDLIB_H 1
| #define HAVE_STRING_H 1
| #define HAVE_MEMORY_H 1
| #define HAVE_STRINGS_H 1
| #define HAVE_INTTYPES_H 1
| #define HAVE_STDINT_H 1
| #define HAVE_UNISTD_H 1
| /* end confdefs.h.  */
| #include <minix/config.h>
configure:3563: result: no
configure:3563: checking for minix/config.h
configure:3563: result: no
configure:3584: checking whether it is safe to define __EXTENSIONS__
configure:3602: gcc -c -g -O2  conftest.c >&5
configure:3602: $? = 0
configure:3609: result: yes
configure:3710: checking for a BSD-compatible install
configure:3778: result: /usr/bin/install -c
configure:3789: checking whether build environment is sane
configure:3839: result: yes
configure:3980: checking for a thread-safe mkdir -p
configure:4019: result: ./install-sh -c -d
configure:4032: checking for gawk
configure:4062: result: no
configure:4032: checking for mawk
configure:4062: result: no
configure:4032: checking for nawk
configure:4062: result: no
configure:4032: checking for awk
configure:4048: found /usr/bin/awk
configure:4059: result: awk
configure:4070: checking whether make sets $(MAKE)
configure:4092: result: yes
configure:4122: checking for style of include used by make
configure:4150: result: GNU
configure:4236: checking dependency style of gcc
configure:4347: result: gcc3
configure:4380: checking whether make supports nested variables
configure:4397: result: yes
configure:4479: checking for gcc
configure:4506: result: gcc
configure:4735: checking for C compiler version
configure:4744: gcc --version >&5
i686-apple-darwin11-llvm-gcc-4.2 (GCC) 4.2.1 (Based on Apple Inc. build 5658) (LLVM build 2336.11.00)
Copyright (C) 2007 Free Software Foundation, Inc.
This is free software; see the source for copying conditions.  There is NO
warranty; not even for MERCHANTABILITY or FITNESS FOR A PARTICULAR PURPOSE.

configure:4755: $? = 0
configure:4744: gcc -v >&5
Using built-in specs.
Target: i686-apple-darwin11
Configured with: /private/var/tmp/llvmgcc42/llvmgcc42-2336.11~182/src/configure --disable-checking --enable-werror --prefix=/Applications/Xcode.app/Contents/Developer/usr/llvm-gcc-4.2 --mandir=/share/man --enable-languages=c,objc,c++,obj-c++ --program-prefix=llvm- --program-transform-name=/^[cg][^.-]*$/s/$/-4.2/ --with-slibdir=/usr/lib --build=i686-apple-darwin11 --enable-llvm=/private/var/tmp/llvmgcc42/llvmgcc42-2336.11~182/dst-llvmCore/Developer/usr/local --program-prefix=i686-apple-darwin11- --host=x86_64-apple-darwin11 --target=i686-apple-darwin11 --with-gxx-include-dir=/usr/include/c++/4.2.1
Thread model: posix
gcc version 4.2.1 (Based on Apple Inc. build 5658) (LLVM build 2336.11.00)
configure:4755: $? = 0
configure:4744: gcc -V >&5
llvm-gcc-4.2: argument to `-V' is missing
configure:4755: $? = 1
configure:4744: gcc -qversion >&5
i686-apple-darwin11-llvm-gcc-4.2: no input files
configure:4755: $? = 1
configure:4759: checking whether we are using the GNU C compiler
configure:4787: result: yes
configure:4796: checking whether gcc accepts -g
configure:4857: result: yes
configure:4874: checking for gcc option to accept ISO C89
configure:4951: result: none needed
configure:4977: checking how to run the C preprocessor
configure:5047: result: gcc -E
configure:5067: gcc -E  conftest.c
configure:5067: $? = 0
configure:5081: gcc -E  conftest.c
conftest.c:26:28: error: ac_nonexistent.h: No such file or directory
configure:5081: $? = 1
configure: failed program was:
| /* confdefs.h */
| #define PACKAGE_NAME ""
| #define PACKAGE_TARNAME ""
| #define PACKAGE_VERSION ""
| #define PACKAGE_STRING ""
| #define PACKAGE_BUGREPORT ""
| #define PACKAGE_URL ""
| #define STDC_HEADERS 1
| #define HAVE_SYS_TYPES_H 1
| #define HAVE_SYS_STAT_H 1
| #define HAVE_STDLIB_H 1
| #define HAVE_STRING_H 1
| #define HAVE_MEMORY_H 1
| #define HAVE_STRINGS_H 1
| #define HAVE_INTTYPES_H 1
| #define HAVE_STDINT_H 1
| #define HAVE_UNISTD_H 1
| #define __EXTENSIONS__ 1
| #define _ALL_SOURCE 1
| #define _GNU_SOURCE 1
| #define _POSIX_PTHREAD_SEMANTICS 1
| #define _TANDEM_SOURCE 1
| #define PACKAGE "libxslt"
| #define VERSION "1.1.28"
| /* end confdefs.h.  */
| #include <ac_nonexistent.h>
configure:5111: checking for rm
configure:5129: found /bin/rm
configure:5142: result: /bin/rm
configure:5152: checking for mv
configure:5170: found /bin/mv
configure:5183: result: /bin/mv
configure:5193: checking for tar
configure:5211: found /usr/bin/tar
configure:5224: result: /usr/bin/tar
configure:5234: checking for xmllint
configure:5252: found /usr/local/php5/bin/xmllint
configure:5265: result: /usr/local/php5/bin/xmllint
configure:5275: checking for xsltproc
configure:5293: found /usr/local/php5/bin/xsltproc
configure:5306: result: /usr/local/php5/bin/xsltproc
configure:5315: checking for ANSI C header files
configure:5419: result: yes
configure:5474: checking how to print strings
configure:5501: result: printf
configure:5522: checking for a sed that does not truncate output
configure:5586: result: /usr/bin/sed
configure:5604: checking for fgrep
configure:5666: result: /usr/bin/grep -F
configure:5701: checking for ld used by gcc
configure:5768: result: /usr/llvm-gcc-4.2/libexec/gcc/i686-apple-darwin11/4.2.1/ld
configure:5775: checking if the linker (/usr/llvm-gcc-4.2/libexec/gcc/i686-apple-darwin11/4.2.1/ld) is GNU ld
configure:5790: result: no
configure:5802: checking for BSD- or MS-compatible name lister (nm)
configure:5851: result: /usr/bin/nm
configure:5981: checking the name lister (/usr/bin/nm) interface
configure:5988: gcc -c -g -O2  conftest.c >&5
configure:5991: /usr/bin/nm "conftest.o"
configure:5994: output
00000000000001e8 S _some_variable
configure:6001: result: BSD nm
configure:6004: checking whether ln -s works
configure:6008: result: yes
configure:6016: checking the maximum length of command line arguments
configure:6146: result: 196608
configure:6163: checking whether the shell understands some XSI constructs
configure:6173: result: yes
configure:6177: checking whether the shell understands "+="
configure:6183: result: yes
configure:6218: checking how to convert i386-apple-darwin12.4.0 file names to i386-apple-darwin12.4.0 format
configure:6258: result: func_convert_file_noop
configure:6265: checking how to convert i386-apple-darwin12.4.0 file names to toolchain format
configure:6285: result: func_convert_file_noop
configure:6292: checking for /usr/llvm-gcc-4.2/libexec/gcc/i686-apple-darwin11/4.2.1/ld option to reload object files
configure:6299: result: -r
configure:6373: checking for objdump
configure:6403: result: no
configure:6429: checking how to recognize dependent libraries
configure:6631: result: pass_all
configure:6716: checking for dlltool
configure:6746: result: no
configure:6773: checking how to associate runtime and link libraries
configure:6800: result: printf %s\n
configure:6860: checking for ar
configure:6876: found /usr/bin/ar
configure:6887: result: ar
configure:6924: checking for archiver @FILE support
configure:6941: gcc -c -g -O2  conftest.c >&5
configure:6941: $? = 0
configure:6944: ar cru libconftest.a @conftest.lst >&5
ar: @conftest.lst: No such file or directory
configure:6947: $? = 1
configure:6967: result: no
configure:7025: checking for strip
configure:7041: found /usr/bin/strip
configure:7052: result: strip
configure:7124: checking for ranlib
configure:7140: found /usr/bin/ranlib
configure:7151: result: ranlib
configure:7253: checking command to parse /usr/bin/nm output from gcc object
configure:7373: gcc -c -g -O2  conftest.c >&5
configure:7376: $? = 0
configure:7380: /usr/bin/nm conftest.o \| sed -n -e 's/^.*[ ]\([BCDEGRST][BCDEGRST]*\)[ ][ ]*\([_A-Za-z][_A-Za-z0-9]*\)$/\1 \2 \2/p' | sed '/ __gnu_lto/d' \> conftest.nm
configure:7383: $? = 0
cannot find nm_test_var in conftest.nm
configure:7373: gcc -c -g -O2  conftest.c >&5
configure:7376: $? = 0
configure:7380: /usr/bin/nm conftest.o \| sed -n -e 's/^.*[ ]\([BCDEGRST][BCDEGRST]*\)[ ][ ]*_\([_A-Za-z][_A-Za-z0-9]*\)$/\1 _\2 \2/p' | sed '/ __gnu_lto/d' \> conftest.nm
configure:7383: $? = 0
configure:7449: gcc -o conftest -g -O2   conftest.c conftstm.o >&5
configure:7452: $? = 0
configure:7490: result: ok
configure:7527: checking for sysroot
configure:7557: result: no
configure:7813: checking for mt
configure:7843: result: no
configure:7863: checking if : is a manifest tool
configure:7869: : '-?'
configure:7877: result: no
configure:7933: checking for dsymutil
configure:7949: found /usr/bin/dsymutil
configure:7960: result: dsymutil
configure:8025: checking for nmedit
configure:8041: found /usr/bin/nmedit
configure:8052: result: nmedit
configure:8117: checking for lipo
configure:8133: found /usr/bin/lipo
configure:8144: result: lipo
configure:8209: checking for otool
configure:8225: found /usr/bin/otool
configure:8236: result: otool
configure:8301: checking for otool64
configure:8331: result: no
configure:8376: checking for -single_module linker flag
gcc -g -O2  -o libconftest.dylib -dynamiclib -Wl,-single_module conftest.c
configure:8409: result: yes
configure:8412: checking for -exported_symbols_list linker flag
configure:8432: gcc -o conftest -g -O2   -Wl,-exported_symbols_list,conftest.sym conftest.c  >&5
configure:8432: $? = 0
configure:8442: result: yes
configure:8445: checking for -force_load linker flag
gcc -g -O2 -c -o conftest.o conftest.c
ar cru libconftest.a conftest.o
ranlib libconftest.a
gcc -g -O2  -o conftest conftest.c -Wl,-force_load,./libconftest.a
configure:8477: result: yes
configure:8516: checking for dlfcn.h
configure:8516: gcc -c -g -O2  conftest.c >&5
configure:8516: $? = 0
configure:8516: result: yes
configure:9020: checking for objdir
configure:9035: result: .libs
configure:9302: checking if gcc supports -fno-rtti -fno-exceptions
configure:9320: gcc -c -g -O2  -fno-rtti -fno-exceptions conftest.c >&5
cc1: warning: command line option "-fno-rtti" is valid for C++/ObjC++ but not for C
configure:9324: $? = 0
configure:9337: result: no
configure:9664: checking for gcc option to produce PIC
configure:9671: result: -fno-common -DPIC
configure:9679: checking if gcc PIC flag -fno-common -DPIC works
configure:9697: gcc -c -g -O2  -fno-common -DPIC -DPIC conftest.c >&5
configure:9701: $? = 0
configure:9714: result: yes
configure:9743: checking if gcc static flag -static works
configure:9771: result: no
configure:9786: checking if gcc supports -c -o file.o
configure:9807: gcc -c -g -O2  -o out/conftest2.o conftest.c >&5
configure:9811: $? = 0
configure:9833: result: yes
configure:9841: checking if gcc supports -c -o file.o
configure:9888: result: yes
configure:9921: checking whether the gcc linker (/usr/llvm-gcc-4.2/libexec/gcc/i686-apple-darwin11/4.2.1/ld) supports shared libraries
configure:11074: result: yes
configure:11314: checking dynamic linker characteristics
configure:12051: result: darwin12.4.0 dyld
configure:12158: checking how to hardcode library paths into programs
configure:12183: result: immediate
configure:12723: checking whether stripping libraries is possible
configure:12737: result: yes
configure:12763: checking if libtool supports shared libraries
configure:12765: result: yes
configure:12768: checking whether to build shared libraries
configure:12789: result: yes
configure:12792: checking whether to build static libraries
configure:12796: result: yes
configure:12838: checking for sys/types.h
configure:12838: result: yes
configure:12838: checking sys/time.h usability
configure:12838: gcc -c -g -O2  conftest.c >&5
configure:12838: $? = 0
configure:12838: result: yes
configure:12838: checking sys/time.h presence
configure:12838: gcc -E  conftest.c
configure:12838: $? = 0
configure:12838: result: yes
configure:12838: checking for sys/time.h
configure:12838: result: yes
configure:12838: checking for stdlib.h
configure:12838: result: yes
configure:12838: checking for unistd.h
configure:12838: result: yes
configure:12838: checking for string.h
configure:12838: result: yes
configure:12849: checking how to pass version script to the linker (/usr/llvm-gcc-4.2/libexec/gcc/i686-apple-darwin11/4.2.1/ld)
configure:12857: result: none
configure:12873: checking pthread.h usability
configure:12873: gcc -c -g -O2  conftest.c >&5
configure:12873: $? = 0
configure:12873: result: yes
configure:12873: checking pthread.h presence
configure:12873: gcc -E  conftest.c
configure:12873: $? = 0
configure:12873: result: yes
configure:12873: checking for pthread.h
configure:12873: result: yes
configure:12875: checking for pthread_join in -lpthread
configure:12900: gcc -o conftest -g -O2   conftest.c -lpthread   >&5
configure:12900: $? = 0
configure:12909: result: yes
configure:12937: checking locale.h usability
configure:12937: gcc -c -g -O2  conftest.c >&5
configure:12937: $? = 0
configure:12937: result: yes
configure:12937: checking locale.h presence
configure:12937: gcc -E  conftest.c
configure:12937: $? = 0
configure:12937: result: yes
configure:12937: checking for locale.h
configure:12937: result: yes
configure:12937: checking xlocale.h usability
configure:12937: gcc -c -g -O2  conftest.c >&5
configure:12937: $? = 0
configure:12937: result: yes
configure:12937: checking xlocale.h presence
configure:12937: gcc -E  conftest.c
configure:12937: $? = 0
configure:12937: result: yes
configure:12937: checking for xlocale.h
configure:12937: result: yes
configure:12948: checking if xlocale program link
configure:13006: gcc -o conftest -g -O2   conftest.c  >&5
conftest.c: In function 'main':
conftest.c:69: error: expected expression before '[' token
conftest.c:70: error: expected expression before '[' token
conftest.c:77: error: expected expression before '[' token
conftest.c:78: error: expected expression before '[' token
conftest.c:79: error: expected expression before '[' token
conftest.c:80: error: expected expression before '[' token
conftest.c:83: error: expected expression before '[' token
configure:13006: $? = 1
configure: failed program was:
| /* confdefs.h */
| #define PACKAGE_NAME ""
| #define PACKAGE_TARNAME ""
| #define PACKAGE_VERSION ""
| #define PACKAGE_STRING ""
| #define PACKAGE_BUGREPORT ""
| #define PACKAGE_URL ""
| #define STDC_HEADERS 1
| #define HAVE_SYS_TYPES_H 1
| #define HAVE_SYS_STAT_H 1
| #define HAVE_STDLIB_H 1
| #define HAVE_STRING_H 1
| #define HAVE_MEMORY_H 1
| #define HAVE_STRINGS_H 1
| #define HAVE_INTTYPES_H 1
| #define HAVE_STDINT_H 1
| #define HAVE_UNISTD_H 1
| #define __EXTENSIONS__ 1
| #define _ALL_SOURCE 1
| #define _GNU_SOURCE 1
| #define _POSIX_PTHREAD_SEMANTICS 1
| #define _TANDEM_SOURCE 1
| #define PACKAGE "libxslt"
| #define VERSION "1.1.28"
| #define STDC_HEADERS 1
| #define HAVE_DLFCN_H 1
| #define LT_OBJDIR ".libs/"
| #define HAVE_SYS_TYPES_H 1
| #define HAVE_SYS_TIME_H 1
| #define HAVE_STDLIB_H 1
| #define HAVE_UNISTD_H 1
| #define HAVE_STRING_H 1
| #define HAVE_LIBPTHREAD /**/
| #define HAVE_PTHREAD_H /**/
| #define HAVE_LOCALE_H 1
| #define HAVE_XLOCALE_H 1
| /* end confdefs.h.  */
| 
| #ifdef HAVE_LOCALE_H
| #include <locale.h>
| #endif
| #ifdef HAVE_XLOCALE_H
| #include <xlocale.h>
| #endif
| #ifdef HAVE_STRING_H
| #include <string.h>
| #endif
| #ifdef HAVE_STDLIB_H
| #include <stdlib.h>
| #endif
| 
| #ifdef __GLIBC__
| typedef __locale_t xsltLocale;
| #else
| typedef locale_t xsltLocale;
| #endif
| #if defined(__GLIBC__) && __GLIBC__ == 2 && __GLIBC_MINOR__ <= 2
| #define newlocale __newlocale
| #define freelocale __freelocale
| #define strxfrm_l __strxfrm_l
| #define LC_COLLATE_MASK (1 << LC_COLLATE)
| #endif
| 
| int
| main ()
| {
| 
|     xsltLocale locale;
|     const char *src[[2]] = { "\xc3\x84rger", "Zeppelin" };
|     char *dst[[2]];
|     size_t len, r;
|     int i;
| 
|     locale = newlocale(LC_COLLATE_MASK, "en_US.utf8", NULL);
|     if (locale == NULL) exit(1);
|     for (i=0; i<2; ++i) {
|         len = strxfrm_l(NULL, src[[i]], 0, locale) + 1;
|         dst[[i]] = malloc(len);
|         if(dst[[i]] == NULL) exit(1);
|         r = strxfrm_l(dst[[i]], src[[i]], len, locale);
|         if(r >= len) exit(1);
|     }
|     if (strcmp(dst[[0]], dst[[1]]) >= 0) exit(1);
| 
|     exit(0);
|     return(0);
| 
|   ;
|   return 0;
| }
configure:13010: result: no
configure:13032: checking ieeefp.h usability
configure:13032: gcc -c -g -O2  conftest.c >&5
conftest.c:71:20: error: ieeefp.h: No such file or directory
configure:13032: $? = 1
configure: failed program was:
| /* confdefs.h */
| #define PACKAGE_NAME ""
| #define PACKAGE_TARNAME ""
| #define PACKAGE_VERSION ""
| #define PACKAGE_STRING ""
| #define PACKAGE_BUGREPORT ""
| #define PACKAGE_URL ""
| #define STDC_HEADERS 1
| #define HAVE_SYS_TYPES_H 1
| #define HAVE_SYS_STAT_H 1
| #define HAVE_STDLIB_H 1
| #define HAVE_STRING_H 1
| #define HAVE_MEMORY_H 1
| #define HAVE_STRINGS_H 1
| #define HAVE_INTTYPES_H 1
| #define HAVE_STDINT_H 1
| #define HAVE_UNISTD_H 1
| #define __EXTENSIONS__ 1
| #define _ALL_SOURCE 1
| #define _GNU_SOURCE 1
| #define _POSIX_PTHREAD_SEMANTICS 1
| #define _TANDEM_SOURCE 1
| #define PACKAGE "libxslt"
| #define VERSION "1.1.28"
| #define STDC_HEADERS 1
| #define HAVE_DLFCN_H 1
| #define LT_OBJDIR ".libs/"
| #define HAVE_SYS_TYPES_H 1
| #define HAVE_SYS_TIME_H 1
| #define HAVE_STDLIB_H 1
| #define HAVE_UNISTD_H 1
| #define HAVE_STRING_H 1
| #define HAVE_LIBPTHREAD /**/
| #define HAVE_PTHREAD_H /**/
| #define HAVE_LOCALE_H 1
| #define HAVE_XLOCALE_H 1
| /* end confdefs.h.  */
| #include <stdio.h>
| #ifdef HAVE_SYS_TYPES_H
| # include <sys/types.h>
| #endif
| #ifdef HAVE_SYS_STAT_H
| # include <sys/stat.h>
| #endif
| #ifdef STDC_HEADERS
| # include <stdlib.h>
| # include <stddef.h>
| #else
| # ifdef HAVE_STDLIB_H
| #  include <stdlib.h>
| # endif
| #endif
| #ifdef HAVE_STRING_H
| # if !defined STDC_HEADERS && defined HAVE_MEMORY_H
| #  include <memory.h>
| # endif
| # include <string.h>
| #endif
| #ifdef HAVE_STRINGS_H
| # include <strings.h>
| #endif
| #ifdef HAVE_INTTYPES_H
| # include <inttypes.h>
| #endif
| #ifdef HAVE_STDINT_H
| # include <stdint.h>
| #endif
| #ifdef HAVE_UNISTD_H
| # include <unistd.h>
| #endif
| #include <ieeefp.h>
configure:13032: result: no
configure:13032: checking ieeefp.h presence
configure:13032: gcc -E  conftest.c
conftest.c:38:20: error: ieeefp.h: No such file or directory
configure:13032: $? = 1
configure: failed program was:
| /* confdefs.h */
| #define PACKAGE_NAME ""
| #define PACKAGE_TARNAME ""
| #define PACKAGE_VERSION ""
| #define PACKAGE_STRING ""
| #define PACKAGE_BUGREPORT ""
| #define PACKAGE_URL ""
| #define STDC_HEADERS 1
| #define HAVE_SYS_TYPES_H 1
| #define HAVE_SYS_STAT_H 1
| #define HAVE_STDLIB_H 1
| #define HAVE_STRING_H 1
| #define HAVE_MEMORY_H 1
| #define HAVE_STRINGS_H 1
| #define HAVE_INTTYPES_H 1
| #define HAVE_STDINT_H 1
| #define HAVE_UNISTD_H 1
| #define __EXTENSIONS__ 1
| #define _ALL_SOURCE 1
| #define _GNU_SOURCE 1
| #define _POSIX_PTHREAD_SEMANTICS 1
| #define _TANDEM_SOURCE 1
| #define PACKAGE "libxslt"
| #define VERSION "1.1.28"
| #define STDC_HEADERS 1
| #define HAVE_DLFCN_H 1
| #define LT_OBJDIR ".libs/"
| #define HAVE_SYS_TYPES_H 1
| #define HAVE_SYS_TIME_H 1
| #define HAVE_STDLIB_H 1
| #define HAVE_UNISTD_H 1
| #define HAVE_STRING_H 1
| #define HAVE_LIBPTHREAD /**/
| #define HAVE_PTHREAD_H /**/
| #define HAVE_LOCALE_H 1
| #define HAVE_XLOCALE_H 1
| /* end confdefs.h.  */
| #include <ieeefp.h>
configure:13032: result: no
configure:13032: checking for ieeefp.h
configure:13032: result: no
configure:13032: checking nan.h usability
configure:13032: gcc -c -g -O2  conftest.c >&5
conftest.c:71:17: error: nan.h: No such file or directory
configure:13032: $? = 1
configure: failed program was:
| /* confdefs.h */
| #define PACKAGE_NAME ""
| #define PACKAGE_TARNAME ""
| #define PACKAGE_VERSION ""
| #define PACKAGE_STRING ""
| #define PACKAGE_BUGREPORT ""
| #define PACKAGE_URL ""
| #define STDC_HEADERS 1
| #define HAVE_SYS_TYPES_H 1
| #define HAVE_SYS_STAT_H 1
| #define HAVE_STDLIB_H 1
| #define HAVE_STRING_H 1
| #define HAVE_MEMORY_H 1
| #define HAVE_STRINGS_H 1
| #define HAVE_INTTYPES_H 1
| #define HAVE_STDINT_H 1
| #define HAVE_UNISTD_H 1
| #define __EXTENSIONS__ 1
| #define _ALL_SOURCE 1
| #define _GNU_SOURCE 1
| #define _POSIX_PTHREAD_SEMANTICS 1
| #define _TANDEM_SOURCE 1
| #define PACKAGE "libxslt"
| #define VERSION "1.1.28"
| #define STDC_HEADERS 1
| #define HAVE_DLFCN_H 1
| #define LT_OBJDIR ".libs/"
| #define HAVE_SYS_TYPES_H 1
| #define HAVE_SYS_TIME_H 1
| #define HAVE_STDLIB_H 1
| #define HAVE_UNISTD_H 1
| #define HAVE_STRING_H 1
| #define HAVE_LIBPTHREAD /**/
| #define HAVE_PTHREAD_H /**/
| #define HAVE_LOCALE_H 1
| #define HAVE_XLOCALE_H 1
| /* end confdefs.h.  */
| #include <stdio.h>
| #ifdef HAVE_SYS_TYPES_H
| # include <sys/types.h>
| #endif
| #ifdef HAVE_SYS_STAT_H
| # include <sys/stat.h>
| #endif
| #ifdef STDC_HEADERS
| # include <stdlib.h>
| # include <stddef.h>
| #else
| # ifdef HAVE_STDLIB_H
| #  include <stdlib.h>
| # endif
| #endif
| #ifdef HAVE_STRING_H
| # if !defined STDC_HEADERS && defined HAVE_MEMORY_H
| #  include <memory.h>
| # endif
| # include <string.h>
| #endif
| #ifdef HAVE_STRINGS_H
| # include <strings.h>
| #endif
| #ifdef HAVE_INTTYPES_H
| # include <inttypes.h>
| #endif
| #ifdef HAVE_STDINT_H
| # include <stdint.h>
| #endif
| #ifdef HAVE_UNISTD_H
| # include <unistd.h>
| #endif
| #include <nan.h>
configure:13032: result: no
configure:13032: checking nan.h presence
configure:13032: gcc -E  conftest.c
conftest.c:38:17: error: nan.h: No such file or directory
configure:13032: $? = 1
configure: failed program was:
| /* confdefs.h */
| #define PACKAGE_NAME ""
| #define PACKAGE_TARNAME ""
| #define PACKAGE_VERSION ""
| #define PACKAGE_STRING ""
| #define PACKAGE_BUGREPORT ""
| #define PACKAGE_URL ""
| #define STDC_HEADERS 1
| #define HAVE_SYS_TYPES_H 1
| #define HAVE_SYS_STAT_H 1
| #define HAVE_STDLIB_H 1
| #define HAVE_STRING_H 1
| #define HAVE_MEMORY_H 1
| #define HAVE_STRINGS_H 1
| #define HAVE_INTTYPES_H 1
| #define HAVE_STDINT_H 1
| #define HAVE_UNISTD_H 1
| #define __EXTENSIONS__ 1
| #define _ALL_SOURCE 1
| #define _GNU_SOURCE 1
| #define _POSIX_PTHREAD_SEMANTICS 1
| #define _TANDEM_SOURCE 1
| #define PACKAGE "libxslt"
| #define VERSION "1.1.28"
| #define STDC_HEADERS 1
| #define HAVE_DLFCN_H 1
| #define LT_OBJDIR ".libs/"
| #define HAVE_SYS_TYPES_H 1
| #define HAVE_SYS_TIME_H 1
| #define HAVE_STDLIB_H 1
| #define HAVE_UNISTD_H 1
| #define HAVE_STRING_H 1
| #define HAVE_LIBPTHREAD /**/
| #define HAVE_PTHREAD_H /**/
| #define HAVE_LOCALE_H 1
| #define HAVE_XLOCALE_H 1
| /* end confdefs.h.  */
| #include <nan.h>
configure:13032: result: no
configure:13032: checking for nan.h
configure:13032: result: no
configure:13032: checking math.h usability
configure:13032: gcc -c -g -O2  conftest.c >&5
configure:13032: $? = 0
configure:13032: result: yes
configure:13032: checking math.h presence
configure:13032: gcc -E  conftest.c
configure:13032: $? = 0
configure:13032: result: yes
configure:13032: checking for math.h
configure:13032: result: yes
configure:13032: checking fp_class.h usability
configure:13032: gcc -c -g -O2  conftest.c >&5
conftest.c:72:22: error: fp_class.h: No such file or directory
configure:13032: $? = 1
configure: failed program was:
| /* confdefs.h */
| #define PACKAGE_NAME ""
| #define PACKAGE_TARNAME ""
| #define PACKAGE_VERSION ""
| #define PACKAGE_STRING ""
| #define PACKAGE_BUGREPORT ""
| #define PACKAGE_URL ""
| #define STDC_HEADERS 1
| #define HAVE_SYS_TYPES_H 1
| #define HAVE_SYS_STAT_H 1
| #define HAVE_STDLIB_H 1
| #define HAVE_STRING_H 1
| #define HAVE_MEMORY_H 1
| #define HAVE_STRINGS_H 1
| #define HAVE_INTTYPES_H 1
| #define HAVE_STDINT_H 1
| #define HAVE_UNISTD_H 1
| #define __EXTENSIONS__ 1
| #define _ALL_SOURCE 1
| #define _GNU_SOURCE 1
| #define _POSIX_PTHREAD_SEMANTICS 1
| #define _TANDEM_SOURCE 1
| #define PACKAGE "libxslt"
| #define VERSION "1.1.28"
| #define STDC_HEADERS 1
| #define HAVE_DLFCN_H 1
| #define LT_OBJDIR ".libs/"
| #define HAVE_SYS_TYPES_H 1
| #define HAVE_SYS_TIME_H 1
| #define HAVE_STDLIB_H 1
| #define HAVE_UNISTD_H 1
| #define HAVE_STRING_H 1
| #define HAVE_LIBPTHREAD /**/
| #define HAVE_PTHREAD_H /**/
| #define HAVE_LOCALE_H 1
| #define HAVE_XLOCALE_H 1
| #define HAVE_MATH_H 1
| /* end confdefs.h.  */
| #include <stdio.h>
| #ifdef HAVE_SYS_TYPES_H
| # include <sys/types.h>
| #endif
| #ifdef HAVE_SYS_STAT_H
| # include <sys/stat.h>
| #endif
| #ifdef STDC_HEADERS
| # include <stdlib.h>
| # include <stddef.h>
| #else
| # ifdef HAVE_STDLIB_H
| #  include <stdlib.h>
| # endif
| #endif
| #ifdef HAVE_STRING_H
| # if !defined STDC_HEADERS && defined HAVE_MEMORY_H
| #  include <memory.h>
| # endif
| # include <string.h>
| #endif
| #ifdef HAVE_STRINGS_H
| # include <strings.h>
| #endif
| #ifdef HAVE_INTTYPES_H
| # include <inttypes.h>
| #endif
| #ifdef HAVE_STDINT_H
| # include <stdint.h>
| #endif
| #ifdef HAVE_UNISTD_H
| # include <unistd.h>
| #endif
| #include <fp_class.h>
configure:13032: result: no
configure:13032: checking fp_class.h presence
configure:13032: gcc -E  conftest.c
conftest.c:39:22: error: fp_class.h: No such file or directory
configure:13032: $? = 1
configure: failed program was:
| /* confdefs.h */
| #define PACKAGE_NAME ""
| #define PACKAGE_TARNAME ""
| #define PACKAGE_VERSION ""
| #define PACKAGE_STRING ""
| #define PACKAGE_BUGREPORT ""
| #define PACKAGE_URL ""
| #define STDC_HEADERS 1
| #define HAVE_SYS_TYPES_H 1
| #define HAVE_SYS_STAT_H 1
| #define HAVE_STDLIB_H 1
| #define HAVE_STRING_H 1
| #define HAVE_MEMORY_H 1
| #define HAVE_STRINGS_H 1
| #define HAVE_INTTYPES_H 1
| #define HAVE_STDINT_H 1
| #define HAVE_UNISTD_H 1
| #define __EXTENSIONS__ 1
| #define _ALL_SOURCE 1
| #define _GNU_SOURCE 1
| #define _POSIX_PTHREAD_SEMANTICS 1
| #define _TANDEM_SOURCE 1
| #define PACKAGE "libxslt"
| #define VERSION "1.1.28"
| #define STDC_HEADERS 1
| #define HAVE_DLFCN_H 1
| #define LT_OBJDIR ".libs/"
| #define HAVE_SYS_TYPES_H 1
| #define HAVE_SYS_TIME_H 1
| #define HAVE_STDLIB_H 1
| #define HAVE_UNISTD_H 1
| #define HAVE_STRING_H 1
| #define HAVE_LIBPTHREAD /**/
| #define HAVE_PTHREAD_H /**/
| #define HAVE_LOCALE_H 1
| #define HAVE_XLOCALE_H 1
| #define HAVE_MATH_H 1
| /* end confdefs.h.  */
| #include <fp_class.h>
configure:13032: result: no
configure:13032: checking for fp_class.h
configure:13032: result: no
configure:13032: checking float.h usability
configure:13032: gcc -c -g -O2  conftest.c >&5
configure:13032: $? = 0
configure:13032: result: yes
configure:13032: checking float.h presence
configure:13032: gcc -E  conftest.c
configure:13032: $? = 0
configure:13032: result: yes
configure:13032: checking for float.h
configure:13032: result: yes
configure:13032: checking ansidecl.h usability
configure:13032: gcc -c -g -O2  conftest.c >&5
conftest.c:73:22: error: ansidecl.h: No such file or directory
configure:13032: $? = 1
configure: failed program was:
| /* confdefs.h */
| #define PACKAGE_NAME ""
| #define PACKAGE_TARNAME ""
| #define PACKAGE_VERSION ""
| #define PACKAGE_STRING ""
| #define PACKAGE_BUGREPORT ""
| #define PACKAGE_URL ""
| #define STDC_HEADERS 1
| #define HAVE_SYS_TYPES_H 1
| #define HAVE_SYS_STAT_H 1
| #define HAVE_STDLIB_H 1
| #define HAVE_STRING_H 1
| #define HAVE_MEMORY_H 1
| #define HAVE_STRINGS_H 1
| #define HAVE_INTTYPES_H 1
| #define HAVE_STDINT_H 1
| #define HAVE_UNISTD_H 1
| #define __EXTENSIONS__ 1
| #define _ALL_SOURCE 1
| #define _GNU_SOURCE 1
| #define _POSIX_PTHREAD_SEMANTICS 1
| #define _TANDEM_SOURCE 1
| #define PACKAGE "libxslt"
| #define VERSION "1.1.28"
| #define STDC_HEADERS 1
| #define HAVE_DLFCN_H 1
| #define LT_OBJDIR ".libs/"
| #define HAVE_SYS_TYPES_H 1
| #define HAVE_SYS_TIME_H 1
| #define HAVE_STDLIB_H 1
| #define HAVE_UNISTD_H 1
| #define HAVE_STRING_H 1
| #define HAVE_LIBPTHREAD /**/
| #define HAVE_PTHREAD_H /**/
| #define HAVE_LOCALE_H 1
| #define HAVE_XLOCALE_H 1
| #define HAVE_MATH_H 1
| #define HAVE_FLOAT_H 1
| /* end confdefs.h.  */
| #include <stdio.h>
| #ifdef HAVE_SYS_TYPES_H
| # include <sys/types.h>
| #endif
| #ifdef HAVE_SYS_STAT_H
| # include <sys/stat.h>
| #endif
| #ifdef STDC_HEADERS
| # include <stdlib.h>
| # include <stddef.h>
| #else
| # ifdef HAVE_STDLIB_H
| #  include <stdlib.h>
| # endif
| #endif
| #ifdef HAVE_STRING_H
| # if !defined STDC_HEADERS && defined HAVE_MEMORY_H
| #  include <memory.h>
| # endif
| # include <string.h>
| #endif
| #ifdef HAVE_STRINGS_H
| # include <strings.h>
| #endif
| #ifdef HAVE_INTTYPES_H
| # include <inttypes.h>
| #endif
| #ifdef HAVE_STDINT_H
| # include <stdint.h>
| #endif
| #ifdef HAVE_UNISTD_H
| # include <unistd.h>
| #endif
| #include <ansidecl.h>
configure:13032: result: no
configure:13032: checking ansidecl.h presence
configure:13032: gcc -E  conftest.c
conftest.c:40:22: error: ansidecl.h: No such file or directory
configure:13032: $? = 1
configure: failed program was:
| /* confdefs.h */
| #define PACKAGE_NAME ""
| #define PACKAGE_TARNAME ""
| #define PACKAGE_VERSION ""
| #define PACKAGE_STRING ""
| #define PACKAGE_BUGREPORT ""
| #define PACKAGE_URL ""
| #define STDC_HEADERS 1
| #define HAVE_SYS_TYPES_H 1
| #define HAVE_SYS_STAT_H 1
| #define HAVE_STDLIB_H 1
| #define HAVE_STRING_H 1
| #define HAVE_MEMORY_H 1
| #define HAVE_STRINGS_H 1
| #define HAVE_INTTYPES_H 1
| #define HAVE_STDINT_H 1
| #define HAVE_UNISTD_H 1
| #define __EXTENSIONS__ 1
| #define _ALL_SOURCE 1
| #define _GNU_SOURCE 1
| #define _POSIX_PTHREAD_SEMANTICS 1
| #define _TANDEM_SOURCE 1
| #define PACKAGE "libxslt"
| #define VERSION "1.1.28"
| #define STDC_HEADERS 1
| #define HAVE_DLFCN_H 1
| #define LT_OBJDIR ".libs/"
| #define HAVE_SYS_TYPES_H 1
| #define HAVE_SYS_TIME_H 1
| #define HAVE_STDLIB_H 1
| #define HAVE_UNISTD_H 1
| #define HAVE_STRING_H 1
| #define HAVE_LIBPTHREAD /**/
| #define HAVE_PTHREAD_H /**/
| #define HAVE_LOCALE_H 1
| #define HAVE_XLOCALE_H 1
| #define HAVE_MATH_H 1
| #define HAVE_FLOAT_H 1
| /* end confdefs.h.  */
| #include <ansidecl.h>
configure:13032: result: no
configure:13032: checking for ansidecl.h
configure:13032: result: no
configure:13045: checking sys/timeb.h usability
configure:13045: gcc -c -g -O2  conftest.c >&5
configure:13045: $? = 0
configure:13045: result: yes
configure:13045: checking sys/timeb.h presence
configure:13045: gcc -E  conftest.c
configure:13045: $? = 0
configure:13045: result: yes
configure:13045: checking for sys/timeb.h
configure:13045: result: yes
configure:13045: checking time.h usability
configure:13045: gcc -c -g -O2  conftest.c >&5
configure:13045: $? = 0
configure:13045: result: yes
configure:13045: checking time.h presence
configure:13045: gcc -E  conftest.c
configure:13045: $? = 0
configure:13045: result: yes
configure:13045: checking for time.h
configure:13045: result: yes
configure:13045: checking for sys/stat.h
configure:13045: result: yes
configure:13045: checking sys/select.h usability
configure:13045: gcc -c -g -O2  conftest.c >&5
configure:13045: $? = 0
configure:13045: result: yes
configure:13045: checking sys/select.h presence
configure:13045: gcc -E  conftest.c
configure:13045: $? = 0
configure:13045: result: yes
configure:13045: checking for sys/select.h
configure:13045: result: yes
configure:13045: checking stdarg.h usability
configure:13045: gcc -c -g -O2  conftest.c >&5
configure:13045: $? = 0
configure:13045: result: yes
configure:13045: checking stdarg.h presence
configure:13045: gcc -E  conftest.c
configure:13045: $? = 0
configure:13045: result: yes
configure:13045: checking for stdarg.h
configure:13045: result: yes
configure:13058: checking for stat
configure:13058: gcc -o conftest -g -O2   conftest.c  >&5
configure:13058: $? = 0
configure:13058: result: yes
configure:13058: checking for _stat
configure:13058: gcc -o conftest -g -O2   conftest.c  >&5
Undefined symbols for architecture x86_64:
  "__stat", referenced from:
      _main in ccXn2NfA.o
ld: symbol(s) not found for architecture x86_64
collect2: ld returned 1 exit status
configure:13058: $? = 1
configure: failed program was:
| /* confdefs.h */
| #define PACKAGE_NAME ""
| #define PACKAGE_TARNAME ""
| #define PACKAGE_VERSION ""
| #define PACKAGE_STRING ""
| #define PACKAGE_BUGREPORT ""
| #define PACKAGE_URL ""
| #define STDC_HEADERS 1
| #define HAVE_SYS_TYPES_H 1
| #define HAVE_SYS_STAT_H 1
| #define HAVE_STDLIB_H 1
| #define HAVE_STRING_H 1
| #define HAVE_MEMORY_H 1
| #define HAVE_STRINGS_H 1
| #define HAVE_INTTYPES_H 1
| #define HAVE_STDINT_H 1
| #define HAVE_UNISTD_H 1
| #define __EXTENSIONS__ 1
| #define _ALL_SOURCE 1
| #define _GNU_SOURCE 1
| #define _POSIX_PTHREAD_SEMANTICS 1
| #define _TANDEM_SOURCE 1
| #define PACKAGE "libxslt"
| #define VERSION "1.1.28"
| #define STDC_HEADERS 1
| #define HAVE_DLFCN_H 1
| #define LT_OBJDIR ".libs/"
| #define HAVE_SYS_TYPES_H 1
| #define HAVE_SYS_TIME_H 1
| #define HAVE_STDLIB_H 1
| #define HAVE_UNISTD_H 1
| #define HAVE_STRING_H 1
| #define HAVE_LIBPTHREAD /**/
| #define HAVE_PTHREAD_H /**/
| #define HAVE_LOCALE_H 1
| #define HAVE_XLOCALE_H 1
| #define HAVE_MATH_H 1
| #define HAVE_FLOAT_H 1
| #define HAVE_SYS_TIMEB_H 1
| #define HAVE_TIME_H 1
| #define HAVE_SYS_STAT_H 1
| #define HAVE_SYS_SELECT_H 1
| #define HAVE_STDARG_H 1
| #define HAVE_STAT 1
| /* end confdefs.h.  */
| /* Define _stat to an innocuous variant, in case <limits.h> declares _stat.
|    For example, HP-UX 11i <limits.h> declares gettimeofday.  */
| #define _stat innocuous__stat
| 
| /* System header to define __stub macros and hopefully few prototypes,
|     which can conflict with char _stat (); below.
|     Prefer <limits.h> to <assert.h> if __STDC__ is defined, since
|     <limits.h> exists even on freestanding compilers.  */
| 
| #ifdef __STDC__
| # include <limits.h>
| #else
| # include <assert.h>
| #endif
| 
| #undef _stat
| 
| /* Override any GCC internal prototype to avoid an error.
|    Use char because int might match the return type of a GCC
|    builtin and then its argument prototype would still apply.  */
| #ifdef __cplusplus
| extern "C"
| #endif
| char _stat ();
| /* The GNU C library defines this for functions which it implements
|     to always fail with ENOSYS.  Some functions are actually named
|     something starting with __ and the normal name is an alias.  */
| #if defined __stub__stat || defined __stub____stat
| choke me
| #endif
| 
| int
| main ()
| {
| return _stat ();
|   ;
|   return 0;
| }
configure:13058: result: no
configure:13067: checking for pow
configure:13067: gcc -o conftest -g -O2   conftest.c  >&5
conftest.c:69: warning: conflicting types for built-in function 'pow'
configure:13067: $? = 0
configure:13067: result: yes
configure:13116: checking for floor
configure:13116: gcc -o conftest -g -O2   conftest.c  >&5
conftest.c:69: warning: conflicting types for built-in function 'floor'
configure:13116: $? = 0
configure:13116: result: yes
configure:13165: checking for fabs
configure:13165: gcc -o conftest -g -O2   conftest.c  >&5
conftest.c:69: warning: conflicting types for built-in function 'fabs'
configure:13165: $? = 0
configure:13165: result: yes
configure:13217: checking for gettimeofday
configure:13217: gcc -o conftest -g -O2   conftest.c  >&5
configure:13217: $? = 0
configure:13217: result: yes
configure:13229: checking for mktime
configure:13229: gcc -o conftest -g -O2   conftest.c  >&5
configure:13229: $? = 0
configure:13229: result: yes
configure:13229: checking for localtime
configure:13229: gcc -o conftest -g -O2   conftest.c  >&5
configure:13229: $? = 0
configure:13229: result: yes
configure:13229: checking for localtime_r
configure:13229: gcc -o conftest -g -O2   conftest.c  >&5
configure:13229: $? = 0
configure:13229: result: yes
configure:13229: checking for asctime
configure:13229: gcc -o conftest -g -O2   conftest.c  >&5
configure:13229: $? = 0
configure:13229: result: yes
configure:13229: checking for time
configure:13229: gcc -o conftest -g -O2   conftest.c  >&5
configure:13229: $? = 0
configure:13229: result: yes
configure:13229: checking for gmtime
configure:13229: gcc -o conftest -g -O2   conftest.c  >&5
configure:13229: $? = 0
configure:13229: result: yes
configure:13229: checking for gmtime_r
configure:13229: gcc -o conftest -g -O2   conftest.c  >&5
configure:13229: $? = 0
configure:13229: result: yes
configure:13229: checking for ftime
configure:13229: gcc -o conftest -g -O2   conftest.c  >&5
configure:13229: $? = 0
configure:13229: result: yes
configure:13242: checking for printf
configure:13242: gcc -o conftest -g -O2   conftest.c  >&5
conftest.c:78: warning: conflicting types for built-in function 'printf'
configure:13242: $? = 0
configure:13242: result: yes
configure:13242: checking for sprintf
configure:13242: gcc -o conftest -g -O2   conftest.c  >&5
conftest.c:79: warning: conflicting types for built-in function 'sprintf'
configure:13242: $? = 0
configure:13242: result: yes
configure:13242: checking for fprintf
configure:13242: gcc -o conftest -g -O2   conftest.c  >&5
conftest.c:80: warning: conflicting types for built-in function 'fprintf'
configure:13242: $? = 0
configure:13242: result: yes
configure:13242: checking for snprintf
configure:13242: gcc -o conftest -g -O2   conftest.c  >&5
conftest.c:81: warning: conflicting types for built-in function 'snprintf'
configure:13242: $? = 0
configure:13242: result: yes
configure:13242: checking for vfprintf
configure:13242: gcc -o conftest -g -O2   conftest.c  >&5
conftest.c:82: warning: conflicting types for built-in function 'vfprintf'
configure:13242: $? = 0
configure:13242: result: yes
configure:13242: checking for vsprintf
configure:13242: gcc -o conftest -g -O2   conftest.c  >&5
conftest.c:83: warning: conflicting types for built-in function 'vsprintf'
configure:13242: $? = 0
configure:13242: result: yes
configure:13242: checking for vsnprintf
configure:13242: gcc -o conftest -g -O2   conftest.c  >&5
conftest.c:84: warning: conflicting types for built-in function 'vsnprintf'
configure:13242: $? = 0
configure:13242: result: yes
configure:13242: checking for sscanf
configure:13242: gcc -o conftest -g -O2   conftest.c  >&5
conftest.c:85: warning: conflicting types for built-in function 'sscanf'
configure:13242: $? = 0
configure:13242: result: yes
configure:13256: checking for clock_gettime
configure:13256: gcc -o conftest -g -O2   conftest.c  >&5
Undefined symbols for architecture x86_64:
  "_clock_gettime", referenced from:
      _main in ccVgPtjI.o
ld: symbol(s) not found for architecture x86_64
collect2: ld returned 1 exit status
configure:13256: $? = 1
configure: failed program was:
| /* confdefs.h */
| #define PACKAGE_NAME ""
| #define PACKAGE_TARNAME ""
| #define PACKAGE_VERSION ""
| #define PACKAGE_STRING ""
| #define PACKAGE_BUGREPORT ""
| #define PACKAGE_URL ""
| #define STDC_HEADERS 1
| #define HAVE_SYS_TYPES_H 1
| #define HAVE_SYS_STAT_H 1
| #define HAVE_STDLIB_H 1
| #define HAVE_STRING_H 1
| #define HAVE_MEMORY_H 1
| #define HAVE_STRINGS_H 1
| #define HAVE_INTTYPES_H 1
| #define HAVE_STDINT_H 1
| #define HAVE_UNISTD_H 1
| #define __EXTENSIONS__ 1
| #define _ALL_SOURCE 1
| #define _GNU_SOURCE 1
| #define _POSIX_PTHREAD_SEMANTICS 1
| #define _TANDEM_SOURCE 1
| #define PACKAGE "libxslt"
| #define VERSION "1.1.28"
| #define STDC_HEADERS 1
| #define HAVE_DLFCN_H 1
| #define LT_OBJDIR ".libs/"
| #define HAVE_SYS_TYPES_H 1
| #define HAVE_SYS_TIME_H 1
| #define HAVE_STDLIB_H 1
| #define HAVE_UNISTD_H 1
| #define HAVE_STRING_H 1
| #define HAVE_LIBPTHREAD /**/
| #define HAVE_PTHREAD_H /**/
| #define HAVE_LOCALE_H 1
| #define HAVE_XLOCALE_H 1
| #define HAVE_MATH_H 1
| #define HAVE_FLOAT_H 1
| #define HAVE_SYS_TIMEB_H 1
| #define HAVE_TIME_H 1
| #define HAVE_SYS_STAT_H 1
| #define HAVE_SYS_SELECT_H 1
| #define HAVE_STDARG_H 1
| #define HAVE_STAT 1
| #define HAVE_GETTIMEOFDAY 1
| #define HAVE_MKTIME 1
| #define HAVE_LOCALTIME 1
| #define HAVE_LOCALTIME_R 1
| #define HAVE_ASCTIME 1
| #define HAVE_TIME 1
| #define HAVE_GMTIME 1
| #define HAVE_GMTIME_R 1
| #define HAVE_FTIME 1
| #define HAVE_PRINTF 1
| #define HAVE_SPRINTF 1
| #define HAVE_FPRINTF 1
| #define HAVE_SNPRINTF 1
| #define HAVE_VFPRINTF 1
| #define HAVE_VSPRINTF 1
| #define HAVE_VSNPRINTF 1
| #define HAVE_SSCANF 1
| /* end confdefs.h.  */
| /* Define clock_gettime to an innocuous variant, in case <limits.h> declares clock_gettime.
|    For example, HP-UX 11i <limits.h> declares gettimeofday.  */
| #define clock_gettime innocuous_clock_gettime
| 
| /* System header to define __stub macros and hopefully few prototypes,
|     which can conflict with char clock_gettime (); below.
|     Prefer <limits.h> to <assert.h> if __STDC__ is defined, since
|     <limits.h> exists even on freestanding compilers.  */
| 
| #ifdef __STDC__
| # include <limits.h>
| #else
| # include <assert.h>
| #endif
| 
| #undef clock_gettime
| 
| /* Override any GCC internal prototype to avoid an error.
|    Use char because int might match the return type of a GCC
|    builtin and then its argument prototype would still apply.  */
| #ifdef __cplusplus
| extern "C"
| #endif
| char clock_gettime ();
| /* The GNU C library defines this for functions which it implements
|     to always fail with ENOSYS.  Some functions are actually named
|     something starting with __ and the normal name is an alias.  */
| #if defined __stub_clock_gettime || defined __stub___clock_gettime
| choke me
| #endif
| 
| int
| main ()
| {
| return clock_gettime ();
|   ;
|   return 0;
| }
configure:13256: result: no
configure:13264: checking for clock_gettime in -lrt
configure:13289: gcc -o conftest -g -O2   conftest.c -lrt   >&5
ld: library not found for -lrt
collect2: ld returned 1 exit status
configure:13289: $? = 1
configure: failed program was:
| /* confdefs.h */
| #define PACKAGE_NAME ""
| #define PACKAGE_TARNAME ""
| #define PACKAGE_VERSION ""
| #define PACKAGE_STRING ""
| #define PACKAGE_BUGREPORT ""
| #define PACKAGE_URL ""
| #define STDC_HEADERS 1
| #define HAVE_SYS_TYPES_H 1
| #define HAVE_SYS_STAT_H 1
| #define HAVE_STDLIB_H 1
| #define HAVE_STRING_H 1
| #define HAVE_MEMORY_H 1
| #define HAVE_STRINGS_H 1
| #define HAVE_INTTYPES_H 1
| #define HAVE_STDINT_H 1
| #define HAVE_UNISTD_H 1
| #define __EXTENSIONS__ 1
| #define _ALL_SOURCE 1
| #define _GNU_SOURCE 1
| #define _POSIX_PTHREAD_SEMANTICS 1
| #define _TANDEM_SOURCE 1
| #define PACKAGE "libxslt"
| #define VERSION "1.1.28"
| #define STDC_HEADERS 1
| #define HAVE_DLFCN_H 1
| #define LT_OBJDIR ".libs/"
| #define HAVE_SYS_TYPES_H 1
| #define HAVE_SYS_TIME_H 1
| #define HAVE_STDLIB_H 1
| #define HAVE_UNISTD_H 1
| #define HAVE_STRING_H 1
| #define HAVE_LIBPTHREAD /**/
| #define HAVE_PTHREAD_H /**/
| #define HAVE_LOCALE_H 1
| #define HAVE_XLOCALE_H 1
| #define HAVE_MATH_H 1
| #define HAVE_FLOAT_H 1
| #define HAVE_SYS_TIMEB_H 1
| #define HAVE_TIME_H 1
| #define HAVE_SYS_STAT_H 1
| #define HAVE_SYS_SELECT_H 1
| #define HAVE_STDARG_H 1
| #define HAVE_STAT 1
| #define HAVE_GETTIMEOFDAY 1
| #define HAVE_MKTIME 1
| #define HAVE_LOCALTIME 1
| #define HAVE_LOCALTIME_R 1
| #define HAVE_ASCTIME 1
| #define HAVE_TIME 1
| #define HAVE_GMTIME 1
| #define HAVE_GMTIME_R 1
| #define HAVE_FTIME 1
| #define HAVE_PRINTF 1
| #define HAVE_SPRINTF 1
| #define HAVE_FPRINTF 1
| #define HAVE_SNPRINTF 1
| #define HAVE_VFPRINTF 1
| #define HAVE_VSPRINTF 1
| #define HAVE_VSNPRINTF 1
| #define HAVE_SSCANF 1
| /* end confdefs.h.  */
| 
| /* Override any GCC internal prototype to avoid an error.
|    Use char because int might match the return type of a GCC
|    builtin and then its argument prototype would still apply.  */
| #ifdef __cplusplus
| extern "C"
| #endif
| char clock_gettime ();
| int
| main ()
| {
| return clock_gettime ();
|   ;
|   return 0;
| }
configure:13298: result: no
configure:13327: checking for perl
configure:13343: found /usr/bin/perl
configure:13355: result: perl
configure:13401: checking for python
configure:13419: found /usr/bin/python
configure:13431: result: /usr/bin/python
configure:13528: checking for libgcrypt-config
configure:13546: found /usr/local/MacGPG2/bin/libgcrypt-config
configure:13559: result: /usr/local/MacGPG2/bin/libgcrypt-config
configure:13689: checking for libxml libraries >= 2.6.27
configure:13741: result: 2.9.1 found
configure:13770: checking whether shared libraries will be built (required for plugins)
configure:13781: result: yes
configure:13786: checking libxml2 module support
configure:13790: result: yes
configure:14023: creating ./config.status

## ---------------------- ##
## Running config.status. ##
## ---------------------- ##

This file was extended by config.status, which was
generated by GNU Autoconf 2.68.  Invocation command line was

  CONFIG_FILES    = 
  CONFIG_HEADERS  = 
  CONFIG_LINKS    = 
  CONFIG_COMMANDS = 
  $ ./config.status 

on Devs-MacBook-Pro.local

config.status:1241: creating Makefile
config.status:1241: creating libxslt.pc
config.status:1241: creating libexslt.pc
config.status:1241: creating libxslt/Makefile
config.status:1241: creating libxslt/xsltconfig.h
config.status:1241: creating libxslt/xsltwin32config.h
config.status:1241: creating libexslt/Makefile
config.status:1241: creating libexslt/exsltconfig.h
config.status:1241: creating xsltproc/Makefile
config.status:1241: creating python/Makefile
config.status:1241: creating python/tests/Makefile
config.status:1241: creating tests/Makefile
config.status:1241: creating tests/docs/Makefile
config.status:1241: creating tests/REC1/Makefile
config.status:1241: creating tests/REC2/Makefile
config.status:1241: creating tests/REC/Makefile
config.status:1241: creating tests/general/Makefile
config.status:1241: creating tests/reports/Makefile
config.status:1241: creating tests/extensions/Makefile
config.status:1241: creating tests/namespaces/Makefile
config.status:1241: creating tests/keys/Makefile
config.status:1241: creating tests/numbers/Makefile
config.status:1241: creating tests/documents/Makefile
config.status:1241: creating tests/xmlspec/Makefile
config.status:1241: creating tests/multiple/Makefile
config.status:1241: creating tests/xinclude/Makefile
config.status:1241: creating tests/XSLTMark/Makefile
config.status:1241: creating tests/docbook/Makefile
config.status:1241: creating tests/exslt/Makefile
config.status:1241: creating tests/exslt/common/Makefile
config.status:1241: creating tests/exslt/functions/Makefile
config.status:1241: creating tests/exslt/math/Makefile
config.status:1241: creating tests/exslt/sets/Makefile
config.status:1241: creating tests/exslt/strings/Makefile
config.status:1241: creating tests/exslt/date/Makefile
config.status:1241: creating tests/exslt/dynamic/Makefile
config.status:1241: creating tests/plugins/Makefile
config.status:1241: creating doc/Makefile
config.status:1241: creating xslt-config
config.status:1241: creating libxslt.spec
config.status:1241: creating config.h
config.status:1470: executing depfiles commands
config.status:1470: executing libtool commands

## ---------------- ##
## Cache variables. ##
## ---------------- ##

ac_cv_build=i386-apple-darwin12.4.0
ac_cv_c_compiler_gnu=yes
ac_cv_env_CC_set=
ac_cv_env_CC_value=
ac_cv_env_CFLAGS_set=
ac_cv_env_CFLAGS_value=
ac_cv_env_CPPFLAGS_set=
ac_cv_env_CPPFLAGS_value=
ac_cv_env_CPP_set=
ac_cv_env_CPP_value=
ac_cv_env_LDFLAGS_set=
ac_cv_env_LDFLAGS_value=
ac_cv_env_LIBS_set=
ac_cv_env_LIBS_value=
ac_cv_env_build_alias_set=
ac_cv_env_build_alias_value=
ac_cv_env_host_alias_set=
ac_cv_env_host_alias_value=
ac_cv_env_target_alias_set=
ac_cv_env_target_alias_value=
ac_cv_func__stat=no
ac_cv_func_asctime=yes
ac_cv_func_clock_gettime=no
ac_cv_func_fabs=yes
ac_cv_func_floor=yes
ac_cv_func_fprintf=yes
ac_cv_func_ftime=yes
ac_cv_func_gettimeofday=yes
ac_cv_func_gmtime=yes
ac_cv_func_gmtime_r=yes
ac_cv_func_localtime=yes
ac_cv_func_localtime_r=yes
ac_cv_func_mktime=yes
ac_cv_func_pow=yes
ac_cv_func_printf=yes
ac_cv_func_snprintf=yes
ac_cv_func_sprintf=yes
ac_cv_func_sscanf=yes
ac_cv_func_stat=yes
ac_cv_func_time=yes
ac_cv_func_vfprintf=yes
ac_cv_func_vsnprintf=yes
ac_cv_func_vsprintf=yes
ac_cv_header_ansidecl_h=no
ac_cv_header_dlfcn_h=yes
ac_cv_header_float_h=yes
ac_cv_header_fp_class_h=no
ac_cv_header_ieeefp_h=no
ac_cv_header_inttypes_h=yes
ac_cv_header_locale_h=yes
ac_cv_header_math_h=yes
ac_cv_header_memory_h=yes
ac_cv_header_minix_config_h=no
ac_cv_header_nan_h=no
ac_cv_header_pthread_h=yes
ac_cv_header_stdarg_h=yes
ac_cv_header_stdc=yes
ac_cv_header_stdint_h=yes
ac_cv_header_stdlib_h=yes
ac_cv_header_string_h=yes
ac_cv_header_strings_h=yes
ac_cv_header_sys_select_h=yes
ac_cv_header_sys_stat_h=yes
ac_cv_header_sys_time_h=yes
ac_cv_header_sys_timeb_h=yes
ac_cv_header_sys_types_h=yes
ac_cv_header_time_h=yes
ac_cv_header_unistd_h=yes
ac_cv_header_xlocale_h=yes
ac_cv_host=i386-apple-darwin12.4.0
ac_cv_lib_pthread_pthread_join=yes
ac_cv_lib_rt_clock_gettime=no
ac_cv_objext=o
ac_cv_path_EGREP='/usr/bin/grep -E'
ac_cv_path_FGREP='/usr/bin/grep -F'
ac_cv_path_GREP=/usr/bin/grep
ac_cv_path_LIBGCRYPT_CONFIG=/usr/local/MacGPG2/bin/libgcrypt-config
ac_cv_path_MV=/bin/mv
ac_cv_path_PYTHON=/usr/bin/python
ac_cv_path_RM=/bin/rm
ac_cv_path_SED=/usr/bin/sed
ac_cv_path_TAR=/usr/bin/tar
ac_cv_path_XMLLINT=/usr/local/php5/bin/xmllint
ac_cv_path_XSLTPROC=/usr/local/php5/bin/xsltproc
ac_cv_path_install='/usr/bin/install -c'
ac_cv_prog_AWK=awk
ac_cv_prog_CPP='gcc -E'
ac_cv_prog_PERL=perl
ac_cv_prog_ac_ct_AR=ar
ac_cv_prog_ac_ct_CC=gcc
ac_cv_prog_ac_ct_DSYMUTIL=dsymutil
ac_cv_prog_ac_ct_LIPO=lipo
ac_cv_prog_ac_ct_NMEDIT=nmedit
ac_cv_prog_ac_ct_OTOOL=otool
ac_cv_prog_ac_ct_RANLIB=ranlib
ac_cv_prog_ac_ct_STRIP=strip
ac_cv_prog_cc_c89=
ac_cv_prog_cc_g=yes
ac_cv_prog_make_make_set=yes
ac_cv_safe_to_define___extensions__=yes
am_cv_CC_dependencies_compiler_type=gcc3
am_cv_make_support_nested_variables=yes
lt_cv_apple_cc_single_mod=yes
lt_cv_ar_at_file=no
lt_cv_deplibs_check_method=pass_all
lt_cv_file_magic_cmd='$MAGIC_CMD'
lt_cv_file_magic_test_file=
lt_cv_ld_exported_symbols_list=yes
lt_cv_ld_force_load=yes
lt_cv_ld_reload_flag=-r
lt_cv_nm_interface='BSD nm'
lt_cv_objdir=.libs
lt_cv_path_LD=/usr/llvm-gcc-4.2/libexec/gcc/i686-apple-darwin11/4.2.1/ld
lt_cv_path_NM=/usr/bin/nm
lt_cv_path_mainfest_tool=no
lt_cv_prog_compiler_c_o=yes
lt_cv_prog_compiler_pic='-fno-common -DPIC'
lt_cv_prog_compiler_pic_works=yes
lt_cv_prog_compiler_rtti_exceptions=no
lt_cv_prog_compiler_static_works=no
lt_cv_prog_gnu_ld=no
lt_cv_sharedlib_from_linklib_cmd='printf %s\n'
lt_cv_sys_global_symbol_pipe='sed -n -e '\''s/^.*[	 ]\([BCDEGRST][BCDEGRST]*\)[	 ][	 ]*_\([_A-Za-z][_A-Za-z0-9]*\)$/\1 _\2 \2/p'\'' | sed '\''/ __gnu_lto/d'\'''
lt_cv_sys_global_symbol_to_c_name_address='sed -n -e '\''s/^: \([^ ]*\)[ ]*$/  {\"\1\", (void *) 0},/p'\'' -e '\''s/^[BCDEGRST]* \([^ ]*\) \([^ ]*\)$/  {"\2", (void *) \&\2},/p'\'''
lt_cv_sys_global_symbol_to_c_name_address_lib_prefix='sed -n -e '\''s/^: \([^ ]*\)[ ]*$/  {\"\1\", (void *) 0},/p'\'' -e '\''s/^[BCDEGRST]* \([^ ]*\) \(lib[^ ]*\)$/  {"\2", (void *) \&\2},/p'\'' -e '\''s/^[BCDEGRST]* \([^ ]*\) \([^ ]*\)$/  {"lib\2", (void *) \&\2},/p'\'''
lt_cv_sys_global_symbol_to_cdecl='sed -n -e '\''s/^T .* \(.*\)$/extern int \1();/p'\'' -e '\''s/^[BCDEGRST]* .* \(.*\)$/extern char \1;/p'\'''
lt_cv_sys_max_cmd_len=196608
lt_cv_to_host_file_cmd=func_convert_file_noop
lt_cv_to_tool_file_cmd=func_convert_file_noop

## ----------------- ##
## Output variables. ##
## ----------------- ##

ACLOCAL='${SHELL} /Library/WebServer/Documents/Transcend/CloudMux/libxslt-1.1.26/libxslt-1.1.28/missing --run aclocal-1.11'
AMDEPBACKSLASH='\'
AMDEP_FALSE='#'
AMDEP_TRUE=''
AMTAR='$${TAR-tar}'
AM_BACKSLASH='\'
AM_DEFAULT_V='$(AM_DEFAULT_VERBOSITY)'
AM_DEFAULT_VERBOSITY='0'
AM_V='$(V)'
AR='ar'
AS='as'
AUTOCONF='${SHELL} /Library/WebServer/Documents/Transcend/CloudMux/libxslt-1.1.26/libxslt-1.1.28/missing --run autoconf'
AUTOHEADER='${SHELL} /Library/WebServer/Documents/Transcend/CloudMux/libxslt-1.1.26/libxslt-1.1.28/missing --run autoheader'
AUTOMAKE='${SHELL} /Library/WebServer/Documents/Transcend/CloudMux/libxslt-1.1.26/libxslt-1.1.28/missing --run automake-1.11'
AWK='awk'
CC='gcc'
CCDEPMODE='depmode=gcc3'
CFLAGS='-g -O2 -Wall'
CPP='gcc -E'
CPPFLAGS=''
CYGPATH_W='echo'
DEFS='-DHAVE_CONFIG_H'
DEPDIR='.deps'
DLLTOOL='false'
DSYMUTIL='dsymutil'
DUMPBIN=''
ECHO_C='\c'
ECHO_N=''
ECHO_T=''
EGREP='/usr/bin/grep -E'
EXEEXT=''
EXSLT_INCLUDEDIR='-I${includedir}'
EXSLT_LIBDIR='-L${libdir}'
EXSLT_LIBS='-lexslt -lxslt  -L/usr/local/Cellar/libxml2/2.9.1/lib -lxml2 -lz -lpthread -liconv -lm  -L/usr/local/MacGPG2/lib -lgcrypt -lgpg-error'
EXTRA_LIBS=''
FGREP='/usr/bin/grep -F'
GREP='/usr/bin/grep'
HTML_DIR='$(datadir)/doc/$(PACKAGE)-$(VERSION)/html'
INSTALL_DATA='${INSTALL} -m 644'
INSTALL_PROGRAM='${INSTALL}'
INSTALL_SCRIPT='${INSTALL}'
INSTALL_STRIP_PROGRAM='$(install_sh) -c -s'
LD='/usr/llvm-gcc-4.2/libexec/gcc/i686-apple-darwin11/4.2.1/ld'
LDFLAGS=''
LIBEXSLT_MAJOR_VERSION='0'
LIBEXSLT_MICRO_VERSION='17'
LIBEXSLT_MINOR_VERSION='8'
LIBEXSLT_VERSION='0.8.17'
LIBEXSLT_VERSION_EXTRA=''
LIBEXSLT_VERSION_INFO='8:17:8'
LIBEXSLT_VERSION_NUMBER='817'
LIBGCRYPT_CFLAGS='-I/usr/local/MacGPG2/include'
LIBGCRYPT_CONFIG='/usr/local/MacGPG2/bin/libgcrypt-config'
LIBGCRYPT_LIBS='-L/usr/local/MacGPG2/lib -lgcrypt -lgpg-error'
LIBOBJS=''
LIBS=''
LIBTOOL='$(SHELL) $(top_builddir)/libtool'
LIBXML_CFLAGS=' -I/usr/local/Cellar/libxml2/2.9.1/include/libxml2'
LIBXML_LIBS=' -L/usr/local/Cellar/libxml2/2.9.1/lib -lxml2 -lz -lpthread -liconv -lm'
LIBXML_REQUIRED_VERSION='2.6.27'
LIBXML_SRC=''
LIBXSLT_DEFAULT_PLUGINS_PATH='/usr/local/Cellar/libxslt/1.1.28/lib/libxslt-plugins'
LIBXSLT_MAJOR_MINOR_VERSION='1.1'
LIBXSLT_MAJOR_VERSION='1'
LIBXSLT_MICRO_VERSION='28'
LIBXSLT_MINOR_VERSION='1'
LIBXSLT_VERSION='1.1.28'
LIBXSLT_VERSION_EXTRA=''
LIBXSLT_VERSION_INFO='2:28:1'
LIBXSLT_VERSION_NUMBER='10128'
LIPO='lipo'
LN_S='ln -s'
LTLIBOBJS=''
MAKEINFO='${SHELL} /Library/WebServer/Documents/Transcend/CloudMux/libxslt-1.1.26/libxslt-1.1.28/missing --run makeinfo'
MANIFEST_TOOL=':'
MKDIR_P='./install-sh -c -d'
MV='/bin/mv'
M_LIBS=''
NM='/usr/bin/nm'
NMEDIT='nmedit'
OBJDUMP='false'
OBJEXT='o'
OTOOL64=':'
OTOOL='otool'
PACKAGE='libxslt'
PACKAGE_BUGREPORT=''
PACKAGE_NAME=''
PACKAGE_STRING=''
PACKAGE_TARNAME=''
PACKAGE_URL=''
PACKAGE_VERSION=''
PATH_SEPARATOR=':'
PERL='perl'
PYTHON='/usr/bin/python'
PYTHONSODV=''
PYTHON_INCLUDES='/usr/include/python2.7'
PYTHON_LIBS='-ldl -framework CoreFoundation -lpython2.7'
PYTHON_SITE_PACKAGES='/Library/Python/2.7/site-packages'
PYTHON_SUBDIR='python'
PYTHON_VERSION='2.7'
RANLIB='ranlib'
RELDATE='Thu Jun 13 2013'
RM='/bin/rm'
SED='/usr/bin/sed'
SET_MAKE=''
SHELL='/bin/sh'
STRIP='strip'
TAR='/usr/bin/tar'
THREAD_LIBS='-lpthread'
USE_VERSION_SCRIPT_FALSE=''
USE_VERSION_SCRIPT_TRUE='#'
VERSION='1.1.28'
VERSION_SCRIPT_FLAGS='none'
WIN32_EXTRA_LDFLAGS=''
WIN32_EXTRA_LIBADD=''
WITH_CRYPTO='1'
WITH_DEBUGGER='1'
WITH_MEM_DEBUG='0'
WITH_MODULES='1'
WITH_MODULES_FALSE='#'
WITH_MODULES_TRUE=''
WITH_PERL_FALSE='#'
WITH_PERL_TRUE=''
WITH_PYTHON_FALSE='#'
WITH_PYTHON_TRUE=''
WITH_TRIO='0'
WITH_XSLT_DEBUG='1'
XMLLINT='/usr/local/php5/bin/xmllint'
XML_CONFIG='/usr/local/Cellar/libxml2/2.9.1/bin/xml2-config'
XSLTPROC='/usr/local/php5/bin/xsltproc'
XSLTPROCDV=''
XSLT_INCLUDEDIR='-I${includedir}'
XSLT_LIBDIR='-L${libdir}'
XSLT_LIBS='-lxslt  -L/usr/local/Cellar/libxml2/2.9.1/lib -lxml2 -lz -lpthread -liconv -lm '
XSLT_LOCALE_WINAPI='0'
XSLT_LOCALE_XLOCALE='0'
ac_ct_AR='ar'
ac_ct_CC='gcc'
ac_ct_DUMPBIN=''
am__EXEEXT_FALSE=''
am__EXEEXT_TRUE='#'
am__fastdepCC_FALSE='#'
am__fastdepCC_TRUE=''
am__include='include'
am__isrc=''
am__leading_dot='.'
am__nodep='_no'
am__quote=''
am__tar='$${TAR-tar} chof - "$$tardir"'
am__untar='$${TAR-tar} xf -'
bindir='${exec_prefix}/bin'
build='i386-apple-darwin12.4.0'
build_alias=''
build_cpu='i386'
build_os='darwin12.4.0'
build_vendor='apple'
datadir='${datarootdir}'
datarootdir='${prefix}/share'
docdir='${datarootdir}/doc/${PACKAGE}'
dvidir='${docdir}'
exec_prefix='${prefix}'
host='i386-apple-darwin12.4.0'
host_alias=''
host_cpu='i386'
host_os='darwin12.4.0'
host_vendor='apple'
htmldir='${docdir}'
includedir='${prefix}/include'
infodir='${datarootdir}/info'
install_sh='${SHELL} /Library/WebServer/Documents/Transcend/CloudMux/libxslt-1.1.26/libxslt-1.1.28/install-sh'
libdir='${exec_prefix}/lib'
libexecdir='${exec_prefix}/libexec'
localedir='${datarootdir}/locale'
localstatedir='${prefix}/var'
mandir='${datarootdir}/man'
mkdir_p='$(top_builddir)/./install-sh -c -d'
oldincludedir='/usr/include'
pdfdir='${docdir}'
prefix='/usr/local/Cellar/libxslt/1.1.28'
program_transform_name='s,x,x,'
psdir='${docdir}'
pythondir='$(libdir)/python$(PYTHON_VERSION)/site-packages'
sbindir='${exec_prefix}/sbin'
sharedstatedir='${prefix}/com'
sysconfdir='${prefix}/etc'
target_alias=''

## ----------- ##
## confdefs.h. ##
## ----------- ##

/* confdefs.h */
#define PACKAGE_NAME ""
#define PACKAGE_TARNAME ""
#define PACKAGE_VERSION ""
#define PACKAGE_STRING ""
#define PACKAGE_BUGREPORT ""
#define PACKAGE_URL ""
#define STDC_HEADERS 1
#define HAVE_SYS_TYPES_H 1
#define HAVE_SYS_STAT_H 1
#define HAVE_STDLIB_H 1
#define HAVE_STRING_H 1
#define HAVE_MEMORY_H 1
#define HAVE_STRINGS_H 1
#define HAVE_INTTYPES_H 1
#define HAVE_STDINT_H 1
#define HAVE_UNISTD_H 1
#define __EXTENSIONS__ 1
#define _ALL_SOURCE 1
#define _GNU_SOURCE 1
#define _POSIX_PTHREAD_SEMANTICS 1
#define _TANDEM_SOURCE 1
#define PACKAGE "libxslt"
#define VERSION "1.1.28"
#define STDC_HEADERS 1
#define HAVE_DLFCN_H 1
#define LT_OBJDIR ".libs/"
#define HAVE_SYS_TYPES_H 1
#define HAVE_SYS_TIME_H 1
#define HAVE_STDLIB_H 1
#define HAVE_UNISTD_H 1
#define HAVE_STRING_H 1
#define HAVE_LIBPTHREAD /**/
#define HAVE_PTHREAD_H /**/
#define HAVE_LOCALE_H 1
#define HAVE_XLOCALE_H 1
#define HAVE_MATH_H 1
#define HAVE_FLOAT_H 1
#define HAVE_SYS_TIMEB_H 1
#define HAVE_TIME_H 1
#define HAVE_SYS_STAT_H 1
#define HAVE_SYS_SELECT_H 1
#define HAVE_STDARG_H 1
#define HAVE_STAT 1
#define HAVE_GETTIMEOFDAY 1
#define HAVE_MKTIME 1
#define HAVE_LOCALTIME 1
#define HAVE_LOCALTIME_R 1
#define HAVE_ASCTIME 1
#define HAVE_TIME 1
#define HAVE_GMTIME 1
#define HAVE_GMTIME_R 1
#define HAVE_FTIME 1
#define HAVE_PRINTF 1
#define HAVE_SPRINTF 1
#define HAVE_FPRINTF 1
#define HAVE_SNPRINTF 1
#define HAVE_VFPRINTF 1
#define HAVE_VSPRINTF 1
#define HAVE_VSNPRINTF 1
#define HAVE_SSCANF 1
#define HAVE_GCRYPT 1
#define WITH_DEBUGGER /**/

configure: exit 0
